This is pdfTeX, Version 3.141592653-2.6-1.40.27 (TeX Live 2025) (preloaded format=pdflatex 2025.9.4)  6 MAY 2026 00:06
entering extended mode
 restricted \write18 enabled.
 file:line:error style messages enabled.
 %&-line parsing enabled.
**"c:/Users/37/Desktop/Notes on Common Calculus Equations/Notes on Common Calculus Equations"
(c:/Users/37/Desktop/Notes on Common Calculus Equations/Notes on Common Calculus Equations.tex
LaTeX2e <2024-11-01> patch level 2
L3 programming layer <2025-01-18>
(d:/Texlive/texlive/2025/texmf-dist/tex/latex/base/article.cls
Document Class: article 2024/06/29 v1.4n Standard LaTeX document class
(d:/Texlive/texlive/2025/texmf-dist/tex/latex/base/size10.clo
File: size10.clo 2024/06/29 v1.4n Standard LaTeX file (size option)
)
\c@part=\count196
\c@section=\count197
\c@subsection=\count198
\c@subsubsection=\count199
\c@paragraph=\count266
\c@subparagraph=\count267
\c@figure=\count268
\c@table=\count269
\abovecaptionskip=\skip49
\belowcaptionskip=\skip50
\bibindent=\dimen141
) (./setup1.tex (d:/Texlive/texlive/2025/texmf-dist/tex/latex/ctex/ctex.sty (d:/Texlive/texlive/2025/texmf-dist/tex/latex/l3kernel/expl3.sty
Package: expl3 2025-01-18 L3 programming layer (loader) 
 (d:/Texlive/texlive/2025/texmf-dist/tex/latex/l3backend/l3backend-pdftex.def
File: l3backend-pdftex.def 2024-05-08 L3 backend support: PDF output (pdfTeX)
\l__color_backend_stack_int=\count270
\l__pdf_internal_box=\box52
))
Package: ctex 2022/07/14 v2.5.10 Chinese adapter in LaTeX (CTEX)
 (d:/Texlive/texlive/2025/texmf-dist/tex/latex/ctex/ctexhook.sty
Package: ctexhook 2022/07/14 v2.5.10 Document and package hooks (CTEX)
) (d:/Texlive/texlive/2025/texmf-dist/tex/latex/ctex/ctexpatch.sty
Package: ctexpatch 2022/07/14 v2.5.10 Patching commands (CTEX)
) (d:/Texlive/texlive/2025/texmf-dist/tex/latex/base/fix-cm.sty
Package: fix-cm 2020/11/24 v1.1t fixes to LaTeX
 (d:/Texlive/texlive/2025/texmf-dist/tex/latex/base/ts1enc.def
File: ts1enc.def 2001/06/05 v3.0e (jk/car/fm) Standard LaTeX file
LaTeX Font Info:    Redeclaring font encoding TS1 on input line 47.
))
\l__ctex_tmp_int=\count271
\l__ctex_tmp_box=\box53
\l__ctex_tmp_dim=\dimen142
\g__ctex_section_depth_int=\count272
\g__ctex_font_size_int=\count273
 (d:/Texlive/texlive/2025/texmf-dist/tex/latex/ctex/config/ctexopts.cfg
File: ctexopts.cfg 2022/07/14 v2.5.10 Option configuration file (CTEX)
) (d:/Texlive/texlive/2025/texmf-dist/tex/latex/ctex/engine/ctex-engine-pdftex.def
File: ctex-engine-pdftex.def 2022/07/14 v2.5.10 (pdf)LaTeX adapter (CTEX)
 (d:/Texlive/texlive/2025/texmf-dist/tex/latex/cjk/texinput/CJKutf8.sty
Package: CJKutf8 2021/10/16 4.8.5
 (d:/Texlive/texlive/2025/texmf-dist/tex/generic/iftex/ifpdf.sty
Package: ifpdf 2019/10/25 v3.4 ifpdf legacy package. Use iftex instead.
 (d:/Texlive/texlive/2025/texmf-dist/tex/generic/iftex/iftex.sty
Package: iftex 2024/12/12 v1.0g TeX engine tests
)) (d:/Texlive/texlive/2025/texmf-dist/tex/latex/base/inputenc.sty
Package: inputenc 2024/02/08 v1.3d Input encoding file
\inpenc@prehook=\toks17
\inpenc@posthook=\toks18
) (d:/Texlive/texlive/2025/texmf-dist/tex/latex/cjk/texinput/CJK.sty
Package: CJK 2021/10/16 4.8.5
 (d:/Texlive/texlive/2025/texmf-dist/tex/latex/cjk/texinput/mule/MULEenc.sty
Package: MULEenc 2021/10/16 4.8.5
) (d:/Texlive/texlive/2025/texmf-dist/tex/latex/cjk/texinput/CJK.enc
File: CJK.enc 2021/10/16 4.8.5
Now handling font encoding C00 ...
... no UTF-8 mapping file for font encoding C00
Now handling font encoding C05 ...
... no UTF-8 mapping file for font encoding C05
Now handling font encoding C09 ...
... no UTF-8 mapping file for font encoding C09
Now handling font encoding C10 ...
... no UTF-8 mapping file for font encoding C10
Now handling font encoding C20 ...
... no UTF-8 mapping file for font encoding C20
Now handling font encoding C19 ...
... no UTF-8 mapping file for font encoding C19
Now handling font encoding C40 ...
... no UTF-8 mapping file for font encoding C40
Now handling font encoding C42 ...
... no UTF-8 mapping file for font encoding C42
Now handling font encoding C43 ...
... no UTF-8 mapping file for font encoding C43
Now handling font encoding C50 ...
... no UTF-8 mapping file for font encoding C50
Now handling font encoding C52 ...
... no UTF-8 mapping file for font encoding C52
Now handling font encoding C49 ...
... no UTF-8 mapping file for font encoding C49
Now handling font encoding C60 ...
... no UTF-8 mapping file for font encoding C60
Now handling font encoding C61 ...
... no UTF-8 mapping file for font encoding C61
Now handling font encoding C63 ...
... no UTF-8 mapping file for font encoding C63
Now handling font encoding C64 ...
... no UTF-8 mapping file for font encoding C64
Now handling font encoding C65 ...
... no UTF-8 mapping file for font encoding C65
Now handling font encoding C70 ...
... no UTF-8 mapping file for font encoding C70
Now handling font encoding C31 ...
... no UTF-8 mapping file for font encoding C31
Now handling font encoding C32 ...
... no UTF-8 mapping file for font encoding C32
Now handling font encoding C33 ...
... no UTF-8 mapping file for font encoding C33
Now handling font encoding C34 ...
... no UTF-8 mapping file for font encoding C34
Now handling font encoding C35 ...
... no UTF-8 mapping file for font encoding C35
Now handling font encoding C36 ...
... no UTF-8 mapping file for font encoding C36
Now handling font encoding C37 ...
... no UTF-8 mapping file for font encoding C37
Now handling font encoding C80 ...
... no UTF-8 mapping file for font encoding C80
Now handling font encoding C81 ...
... no UTF-8 mapping file for font encoding C81
Now handling font encoding C01 ...
... no UTF-8 mapping file for font encoding C01
Now handling font encoding C11 ...
... no UTF-8 mapping file for font encoding C11
Now handling font encoding C21 ...
... no UTF-8 mapping file for font encoding C21
Now handling font encoding C41 ...
... no UTF-8 mapping file for font encoding C41
Now handling font encoding C62 ...
... no UTF-8 mapping file for font encoding C62
)
\CJK@indent=\box54
) (d:/Texlive/texlive/2025/texmf-dist/tex/latex/base/fontenc.sty
Package: fontenc 2021/04/29 v2.0v Standard LaTeX package
)) (d:/Texlive/texlive/2025/texmf-dist/tex/latex/cjkpunct/CJKpunct.sty
Package: CJKpunct 2016/05/14 4.8.4
\CJKpunct@cnta=\count274
\CJKpunct@cntb=\count275
\CJKpunct@cntc=\count276
\CJKpunct@cntd=\count277
\CJKpunct@cnte=\count278
   defining Unicode char U+2018 (decimal 8216)
   defining Unicode char U+2019 (decimal 8217)
   defining Unicode char U+201C (decimal 8220)
   defining Unicode char U+201D (decimal 8221)
   defining Unicode char U+2014 (decimal 8212)
   defining Unicode char U+2026 (decimal 8230)
 (d:/Texlive/texlive/2025/texmf-dist/tex/latex/cjkpunct/CJKpunct.spa)) (d:/Texlive/texlive/2025/texmf-dist/tex/latex/cjk/texinput/CJKspace.sty
Package: CJKspace 2021/10/16 3.8.0
) (d:/Texlive/texlive/2025/texmf-dist/tex/latex/cjk/texinput/UTF8/UTF8.bdg
File: UTF8.bdg 2021/10/16 4.8.5
) (d:/Texlive/texlive/2025/texmf-dist/tex/latex/ctex/ctexspa.def
File: ctexspa.def 2022/07/14 v2.5.10 Space info for CJKpunct (CTEX)
)
\ccwd=\dimen143
\l__ctex_ccglue_skip=\skip51
)
\l__ctex_ziju_dim=\dimen144
 (d:/Texlive/texlive/2025/texmf-dist/tex/latex/zhnumber/zhnumber.sty
Package: zhnumber 2022/07/14 v3.0 Typesetting numbers with Chinese glyphs
\l__zhnum_scale_int=\count279
\l__zhnum_tmp_int=\count280
 (d:/Texlive/texlive/2025/texmf-dist/tex/latex/zhnumber/zhnumber-utf8.cfg
File: zhnumber-utf8.cfg 2022/07/14 v3.0 Chinese numerals with UTF8 encoding
)) (d:/Texlive/texlive/2025/texmf-dist/tex/latex/ctex/scheme/ctex-scheme-chinese.def
File: ctex-scheme-chinese.def 2022/07/14 v2.5.10 Chinese scheme for generic (CTEX)
 (d:/Texlive/texlive/2025/texmf-dist/tex/latex/ctex/config/ctex-name-utf8.cfg
File: ctex-name-utf8.cfg 2022/07/14 v2.5.10 Caption with encoding UTF-8 (CTEX)
)) (d:/Texlive/texlive/2025/texmf-dist/tex/latex/tools/indentfirst.sty
Package: indentfirst 2023/07/02 v1.03 Indent first paragraph (DPC)
) (d:/Texlive/texlive/2025/texmf-dist/tex/latex/ctex/ctex-c5size.clo
File: ctex-c5size.clo 2022/07/14 v2.5.10 c5size option (CTEX)
) (d:/Texlive/texlive/2025/texmf-dist/tex/latex/ctex/fontset/ctex-fontset-windows.def
File: ctex-fontset-windows.def 2022/07/14 v2.5.10 Windows fonts definition (CTEX)
)) (d:/Texlive/texlive/2025/texmf-dist/tex/latex/ctex/config/ctex.cfg
File: ctex.cfg 2022/07/14 v2.5.10 Configuration file (CTEX)
) (d:/Texlive/texlive/2025/texmf-dist/tex/latex/amsmath/amsmath.sty
Package: amsmath 2024/11/05 v2.17t AMS math features
\@mathmargin=\skip52

For additional information on amsmath, use the `?' option.
(d:/Texlive/texlive/2025/texmf-dist/tex/latex/amsmath/amstext.sty
Package: amstext 2021/08/26 v2.01 AMS text
 (d:/Texlive/texlive/2025/texmf-dist/tex/latex/amsmath/amsgen.sty
File: amsgen.sty 1999/11/30 v2.0 generic functions
\@emptytoks=\toks19
\ex@=\dimen145
)) (d:/Texlive/texlive/2025/texmf-dist/tex/latex/amsmath/amsbsy.sty
Package: amsbsy 1999/11/29 v1.2d Bold Symbols
\pmbraise@=\dimen146
) (d:/Texlive/texlive/2025/texmf-dist/tex/latex/amsmath/amsopn.sty
Package: amsopn 2022/04/08 v2.04 operator names
)
\inf@bad=\count281
LaTeX Info: Redefining \frac on input line 233.
\uproot@=\count282
\leftroot@=\count283
LaTeX Info: Redefining \overline on input line 398.
LaTeX Info: Redefining \colon on input line 409.
\classnum@=\count284
\DOTSCASE@=\count285
LaTeX Info: Redefining \ldots on input line 495.
LaTeX Info: Redefining \dots on input line 498.
LaTeX Info: Redefining \cdots on input line 619.
\Mathstrutbox@=\box55
\strutbox@=\box56
LaTeX Info: Redefining \big on input line 721.
LaTeX Info: Redefining \Big on input line 722.
LaTeX Info: Redefining \bigg on input line 723.
LaTeX Info: Redefining \Bigg on input line 724.
\big@size=\dimen147
LaTeX Font Info:    Redeclaring font encoding OML on input line 742.
LaTeX Font Info:    Redeclaring font encoding OMS on input line 743.
\macc@depth=\count286
LaTeX Info: Redefining \bmod on input line 904.
LaTeX Info: Redefining \pmod on input line 909.
LaTeX Info: Redefining \smash on input line 939.
LaTeX Info: Redefining \relbar on input line 969.
LaTeX Info: Redefining \Relbar on input line 970.
\c@MaxMatrixCols=\count287
\dotsspace@=\muskip17
\c@parentequation=\count288
\dspbrk@lvl=\count289
\tag@help=\toks20
\row@=\count290
\column@=\count291
\maxfields@=\count292
\andhelp@=\toks21
\eqnshift@=\dimen148
\alignsep@=\dimen149
\tagshift@=\dimen150
\tagwidth@=\dimen151
\totwidth@=\dimen152
\lineht@=\dimen153
\@envbody=\toks22
\multlinegap=\skip53
\multlinetaggap=\skip54
\mathdisplay@stack=\toks23
LaTeX Info: Redefining \[ on input line 2953.
LaTeX Info: Redefining \] on input line 2954.
) (d:/Texlive/texlive/2025/texmf-dist/tex/latex/biblatex/biblatex.sty
Package: biblatex 2024/03/21 v3.20 programmable bibliographies (PK/MW)
 (d:/Texlive/texlive/2025/texmf-dist/tex/generic/pdftexcmds/pdftexcmds.sty
Package: pdftexcmds 2020-06-27 v0.33 Utility functions of pdfTeX for LuaTeX (HO)
 (d:/Texlive/texlive/2025/texmf-dist/tex/generic/infwarerr/infwarerr.sty
Package: infwarerr 2019/12/03 v1.5 Providing info/warning/error messages (HO)
) (d:/Texlive/texlive/2025/texmf-dist/tex/generic/ltxcmds/ltxcmds.sty
Package: ltxcmds 2023-12-04 v1.26 LaTeX kernel commands for general use (HO)
)
Package pdftexcmds Info: \pdf@primitive is available.
Package pdftexcmds Info: \pdf@ifprimitive is available.
Package pdftexcmds Info: \pdfdraftmode found.
) (d:/Texlive/texlive/2025/texmf-dist/tex/latex/etoolbox/etoolbox.sty
Package: etoolbox 2025/02/11 v2.5l e-TeX tools for LaTeX (JAW)
\etb@tempcnta=\count293
) (d:/Texlive/texlive/2025/texmf-dist/tex/latex/graphics/keyval.sty
Package: keyval 2022/05/29 v1.15 key=value parser (DPC)
\KV@toks@=\toks24
) (d:/Texlive/texlive/2025/texmf-dist/tex/latex/kvoptions/kvoptions.sty
Package: kvoptions 2022-06-15 v3.15 Key value format for package options (HO)
 (d:/Texlive/texlive/2025/texmf-dist/tex/latex/kvsetkeys/kvsetkeys.sty
Package: kvsetkeys 2022-10-05 v1.19 Key value parser (HO)
)) (d:/Texlive/texlive/2025/texmf-dist/tex/latex/logreq/logreq.sty
Package: logreq 2010/08/04 v1.0 xml request logger
\lrq@indent=\count294
 (d:/Texlive/texlive/2025/texmf-dist/tex/latex/logreq/logreq.def
File: logreq.def 2010/08/04 v1.0 logreq spec v1.0
)) (d:/Texlive/texlive/2025/texmf-dist/tex/latex/base/ifthen.sty
Package: ifthen 2024/03/16 v1.1e Standard LaTeX ifthen package (DPC)
) (d:/Texlive/texlive/2025/texmf-dist/tex/latex/url/url.sty
\Urlmuskip=\muskip18
Package: url 2013/09/16  ver 3.4  Verb mode for urls, etc.
)
\c@tabx@nest=\count295
\c@listtotal=\count296
\c@listcount=\count297
\c@liststart=\count298
\c@liststop=\count299
\c@citecount=\count300
\c@citetotal=\count301
\c@multicitecount=\count302
\c@multicitetotal=\count303
\c@instcount=\count304
\c@maxnames=\count305
\c@minnames=\count306
\c@maxitems=\count307
\c@minitems=\count308
\c@citecounter=\count309
\c@maxcitecounter=\count310
\c@savedcitecounter=\count311
\c@uniquelist=\count312
\c@uniquename=\count313
\c@refsection=\count314
\c@refsegment=\count315
\c@maxextratitle=\count316
\c@maxextratitleyear=\count317
\c@maxextraname=\count318
\c@maxextradate=\count319
\c@maxextraalpha=\count320
\c@abbrvpenalty=\count321
\c@highnamepenalty=\count322
\c@lownamepenalty=\count323
\c@maxparens=\count324
\c@parenlevel=\count325
\blx@tempcnta=\count326
\blx@tempcntb=\count327
\blx@tempcntc=\count328
\c@blx@maxsection=\count329
\blx@maxsegment@0=\count330
\blx@notetype=\count331
\blx@parenlevel@text=\count332
\blx@parenlevel@foot=\count333
\blx@sectionciteorder@0=\count334
\blx@sectionciteorderinternal@0=\count335
\blx@entrysetcounter=\count336
\blx@biblioinstance=\count337
\labelnumberwidth=\skip55
\labelalphawidth=\skip56
\biblabelsep=\skip57
\bibitemsep=\skip58
\bibnamesep=\skip59
\bibinitsep=\skip60
\bibparsep=\skip61
\bibhang=\skip62
\blx@bcfin=\read2
\blx@bcfout=\write3
\blx@langwohyphens=\language6
\c@mincomprange=\count338
\c@maxcomprange=\count339
\c@mincompwidth=\count340
Package biblatex Info: Trying to load biblatex default data model...
Package biblatex Info: ... file 'blx-dm.def' found.
 (d:/Texlive/texlive/2025/texmf-dist/tex/latex/biblatex/blx-dm.def
File: blx-dm.def 2024/03/21 v3.20 biblatex datamodel (PK/MW)
)
Package biblatex Info: Trying to load biblatex custom data model...
Package biblatex Info: ... file 'biblatex-dm.cfg' not found.
\c@afterword=\count341
\c@savedafterword=\count342
\c@annotator=\count343
\c@savedannotator=\count344
\c@author=\count345
\c@savedauthor=\count346
\c@bookauthor=\count347
\c@savedbookauthor=\count348
\c@commentator=\count349
\c@savedcommentator=\count350
\c@editor=\count351
\c@savededitor=\count352
\c@editora=\count353
\c@savededitora=\count354
\c@editorb=\count355
\c@savededitorb=\count356
\c@editorc=\count357
\c@savededitorc=\count358
\c@foreword=\count359
\c@savedforeword=\count360
\c@holder=\count361
\c@savedholder=\count362
\c@introduction=\count363
\c@savedintroduction=\count364
\c@namea=\count365
\c@savednamea=\count366
\c@nameb=\count367
\c@savednameb=\count368
\c@namec=\count369
\c@savednamec=\count370
\c@translator=\count371
\c@savedtranslator=\count372
\c@shortauthor=\count373
\c@savedshortauthor=\count374
\c@shorteditor=\count375
\c@savedshorteditor=\count376
\c@labelname=\count377
\c@savedlabelname=\count378
\c@institution=\count379
\c@savedinstitution=\count380
\c@lista=\count381
\c@savedlista=\count382
\c@listb=\count383
\c@savedlistb=\count384
\c@listc=\count385
\c@savedlistc=\count386
\c@listd=\count387
\c@savedlistd=\count388
\c@liste=\count389
\c@savedliste=\count390
\c@listf=\count391
\c@savedlistf=\count392
\c@location=\count393
\c@savedlocation=\count394
\c@organization=\count395
\c@savedorganization=\count396
\c@origlocation=\count397
\c@savedoriglocation=\count398
\c@origpublisher=\count399
\c@savedorigpublisher=\count400
\c@publisher=\count401
\c@savedpublisher=\count402
\c@language=\count403
\c@savedlanguage=\count404
\c@origlanguage=\count405
\c@savedoriglanguage=\count406
\c@pageref=\count407
\c@savedpageref=\count408
\shorthandwidth=\skip63
\shortjournalwidth=\skip64
\shortserieswidth=\skip65
\shorttitlewidth=\skip66
\shortauthorwidth=\skip67
\shorteditorwidth=\skip68
\locallabelnumberwidth=\skip69
\locallabelalphawidth=\skip70
\localshorthandwidth=\skip71
\localshortjournalwidth=\skip72
\localshortserieswidth=\skip73
\localshorttitlewidth=\skip74
\localshortauthorwidth=\skip75
\localshorteditorwidth=\skip76
Package biblatex Info: Trying to load compatibility code...
Package biblatex Info: ... file 'blx-compat.def' found.
 (d:/Texlive/texlive/2025/texmf-dist/tex/latex/biblatex/blx-compat.def
File: blx-compat.def 2024/03/21 v3.20 biblatex compatibility (PK/MW)
)
Package biblatex Info: Trying to load generic definitions...
Package biblatex Info: ... file 'biblatex.def' found.
 (d:/Texlive/texlive/2025/texmf-dist/tex/latex/biblatex/biblatex.def
File: biblatex.def 2024/03/21 v3.20 biblatex compatibility (PK/MW)
\c@textcitecount=\count409
\c@textcitetotal=\count410
\c@textcitemaxnames=\count411
\c@biburlbigbreakpenalty=\count412
\c@biburlbreakpenalty=\count413
\c@biburlnumpenalty=\count414
\c@biburlucpenalty=\count415
\c@biburllcpenalty=\count416
\biburlbigskip=\muskip19
\biburlnumskip=\muskip20
\biburlucskip=\muskip21
\biburllcskip=\muskip22
\c@smartand=\count417
)
Package biblatex Info: Trying to load bibliography style 'numeric'...
Package biblatex Info: ... file 'numeric.bbx' found.
 (d:/Texlive/texlive/2025/texmf-dist/tex/latex/biblatex/bbx/numeric.bbx
File: numeric.bbx 2024/03/21 v3.20 biblatex bibliography style (PK/MW)
Package biblatex Info: Trying to load bibliography style 'standard'...
Package biblatex Info: ... file 'standard.bbx' found.
 (d:/Texlive/texlive/2025/texmf-dist/tex/latex/biblatex/bbx/standard.bbx
File: standard.bbx 2024/03/21 v3.20 biblatex bibliography style (PK/MW)
\c@bbx:relatedcount=\count418
\c@bbx:relatedtotal=\count419
))
Package biblatex Info: Trying to load citation style 'numeric'...
Package biblatex Info: ... file 'numeric.cbx' found.
 (d:/Texlive/texlive/2025/texmf-dist/tex/latex/biblatex/cbx/numeric.cbx
File: numeric.cbx 2024/03/21 v3.20 biblatex citation style (PK/MW)
Package biblatex Info: Redefining '\cite'.
Package biblatex Info: Redefining '\parencite'.
Package biblatex Info: Redefining '\footcite'.
Package biblatex Info: Redefining '\footcitetext'.
Package biblatex Info: Redefining '\smartcite'.
Package biblatex Info: Redefining '\supercite'.
Package biblatex Info: Redefining '\textcite'.
Package biblatex Info: Redefining '\textcites'.
Package biblatex Info: Redefining '\cites'.
Package biblatex Info: Redefining '\parencites'.
Package biblatex Info: Redefining '\smartcites'.
)
Package biblatex Info: Trying to load configuration file...
Package biblatex Info: ... file 'biblatex.cfg' found.
 (d:/Texlive/texlive/2025/texmf-dist/tex/latex/biblatex/biblatex.cfg
File: biblatex.cfg 
)
Package biblatex Info: Input encoding 'utf8' detected.
Package biblatex Info: Document encoding is UTF8 ....
Package biblatex Info: ... and expl3
(biblatex)             2025-01-18 L3 programming layer (loader) 
(biblatex)             is new enough (at least 2020/04/06),
(biblatex)             setting 'casechanger=expl3'.
 (d:/Texlive/texlive/2025/texmf-dist/tex/latex/biblatex/blx-case-expl3.sty (d:/Texlive/texlive/2025/texmf-dist/tex/latex/l3packages/xparse/xparse.sty
Package: xparse 2024-08-16 L3 Experimental document command parser
)
Package: blx-case-expl3 2024/03/21 v3.20 expl3 case changing code for biblatex
)) (d:/Texlive/texlive/2025/texmf-dist/tex/latex/hyperref/hyperref.sty
Package: hyperref 2024-11-05 v7.01l Hypertext links for LaTeX
 (d:/Texlive/texlive/2025/texmf-dist/tex/generic/kvdefinekeys/kvdefinekeys.sty
Package: kvdefinekeys 2019-12-19 v1.6 Define keys (HO)
) (d:/Texlive/texlive/2025/texmf-dist/tex/generic/pdfescape/pdfescape.sty
Package: pdfescape 2019/12/09 v1.15 Implements pdfTeX's escape features (HO)
) (d:/Texlive/texlive/2025/texmf-dist/tex/latex/hycolor/hycolor.sty
Package: hycolor 2020-01-27 v1.10 Color options for hyperref/bookmark (HO)
) (d:/Texlive/texlive/2025/texmf-dist/tex/latex/hyperref/nameref.sty
Package: nameref 2023-11-26 v2.56 Cross-referencing by name of section
 (d:/Texlive/texlive/2025/texmf-dist/tex/latex/refcount/refcount.sty
Package: refcount 2019/12/15 v3.6 Data extraction from label references (HO)
) (d:/Texlive/texlive/2025/texmf-dist/tex/generic/gettitlestring/gettitlestring.sty
Package: gettitlestring 2019/12/15 v1.6 Cleanup title references (HO)
)
\c@section@level=\count420
) (d:/Texlive/texlive/2025/texmf-dist/tex/generic/stringenc/stringenc.sty
Package: stringenc 2019/11/29 v1.12 Convert strings between diff. encodings (HO)
)
\@linkdim=\dimen154
\Hy@linkcounter=\count421
\Hy@pagecounter=\count422
 (d:/Texlive/texlive/2025/texmf-dist/tex/latex/hyperref/pd1enc.def
File: pd1enc.def 2024-11-05 v7.01l Hyperref: PDFDocEncoding definition (HO)
Now handling font encoding PD1 ...
... no UTF-8 mapping file for font encoding PD1
) (d:/Texlive/texlive/2025/texmf-dist/tex/generic/intcalc/intcalc.sty
Package: intcalc 2019/12/15 v1.3 Expandable calculations with integers (HO)
)
\Hy@SavedSpaceFactor=\count423
 (d:/Texlive/texlive/2025/texmf-dist/tex/latex/hyperref/puenc.def
File: puenc.def 2024-11-05 v7.01l Hyperref: PDF Unicode definition (HO)
Now handling font encoding PU ...
... no UTF-8 mapping file for font encoding PU
)
Package hyperref Info: Option `unicode' set `true' on input line 4040.
Package hyperref Info: Hyper figures OFF on input line 4157.
Package hyperref Info: Link nesting OFF on input line 4162.
Package hyperref Info: Hyper index ON on input line 4165.
Package hyperref Info: Plain pages OFF on input line 4172.
Package hyperref Info: Backreferencing OFF on input line 4177.
Package hyperref Info: Implicit mode ON; LaTeX internals redefined.
Package hyperref Info: Bookmarks ON on input line 4424.
\c@Hy@tempcnt=\count424
LaTeX Info: Redefining \url on input line 4763.
\XeTeXLinkMargin=\dimen155
 (d:/Texlive/texlive/2025/texmf-dist/tex/generic/bitset/bitset.sty
Package: bitset 2019/12/09 v1.3 Handle bit-vector datatype (HO)
 (d:/Texlive/texlive/2025/texmf-dist/tex/generic/bigintcalc/bigintcalc.sty
Package: bigintcalc 2019/12/15 v1.5 Expandable calculations on big integers (HO)
))
\Fld@menulength=\count425
\Field@Width=\dimen156
\Fld@charsize=\dimen157
Package hyperref Info: Hyper figures OFF on input line 6042.
Package hyperref Info: Link nesting OFF on input line 6047.
Package hyperref Info: Hyper index ON on input line 6050.
Package hyperref Info: backreferencing OFF on input line 6057.
Package hyperref Info: Link coloring OFF on input line 6062.
Package hyperref Info: Link coloring with OCG OFF on input line 6067.
Package hyperref Info: PDF/A mode OFF on input line 6072.
 (d:/Texlive/texlive/2025/texmf-dist/tex/latex/base/atbegshi-ltx.sty
Package: atbegshi-ltx 2021/01/10 v1.0c Emulation of the original atbegshi
package with kernel methods
)
\Hy@abspage=\count426
\c@Item=\count427
\c@Hfootnote=\count428
)
Package hyperref Info: Driver (autodetected): hpdftex.
 (d:/Texlive/texlive/2025/texmf-dist/tex/latex/hyperref/hpdftex.def
File: hpdftex.def 2024-11-05 v7.01l Hyperref driver for pdfTeX
 (d:/Texlive/texlive/2025/texmf-dist/tex/latex/base/atveryend-ltx.sty
Package: atveryend-ltx 2020/08/19 v1.0a Emulation of the original atveryend package
with kernel methods
)
\Fld@listcount=\count429
\c@bookmark@seq@number=\count430
 (d:/Texlive/texlive/2025/texmf-dist/tex/latex/rerunfilecheck/rerunfilecheck.sty
Package: rerunfilecheck 2022-07-10 v1.10 Rerun checks for auxiliary files (HO)
 (d:/Texlive/texlive/2025/texmf-dist/tex/generic/uniquecounter/uniquecounter.sty
Package: uniquecounter 2019/12/15 v1.4 Provide unlimited unique counter (HO)
)
Package uniquecounter Info: New unique counter `rerunfilecheck' on input line 285.
)
\Hy@SectionHShift=\skip77
) (d:/Texlive/texlive/2025/texmf-dist/tex/latex/amsfonts/amssymb.sty
Package: amssymb 2013/01/14 v3.01 AMS font symbols
 (d:/Texlive/texlive/2025/texmf-dist/tex/latex/amsfonts/amsfonts.sty
Package: amsfonts 2013/01/14 v3.01 Basic AMSFonts support
\symAMSa=\mathgroup4
\symAMSb=\mathgroup5
LaTeX Font Info:    Redeclaring math symbol \hbar on input line 98.
LaTeX Font Info:    Overwriting math alphabet `\mathfrak' in version `bold'
(Font)                  U/euf/m/n --> U/euf/b/n on input line 106.
)) (d:/Texlive/texlive/2025/texmf-dist/tex/latex/mathtools/mathtools.sty
Package: mathtools 2024/10/04 v1.31 mathematical typesetting tools
 (d:/Texlive/texlive/2025/texmf-dist/tex/latex/tools/calc.sty
Package: calc 2023/07/08 v4.3 Infix arithmetic (KKT,FJ)
\calc@Acount=\count431
\calc@Bcount=\count432
\calc@Adimen=\dimen158
\calc@Bdimen=\dimen159
\calc@Askip=\skip78
\calc@Bskip=\skip79
LaTeX Info: Redefining \setlength on input line 80.
LaTeX Info: Redefining \addtolength on input line 81.
\calc@Ccount=\count433
\calc@Cskip=\skip80
) (d:/Texlive/texlive/2025/texmf-dist/tex/latex/mathtools/mhsetup.sty
Package: mhsetup 2021/03/18 v1.4 programming setup (MH)
)
\g_MT_multlinerow_int=\count434
\l_MT_multwidth_dim=\dimen160
\origjot=\skip81
\l_MT_shortvdotswithinadjustabove_dim=\dimen161
\l_MT_shortvdotswithinadjustbelow_dim=\dimen162
\l_MT_above_intertext_sep=\dimen163
\l_MT_below_intertext_sep=\dimen164
\l_MT_above_shortintertext_sep=\dimen165
\l_MT_below_shortintertext_sep=\dimen166
\xmathstrut@box=\box57
\xmathstrut@dim=\dimen167
) (d:/Texlive/texlive/2025/texmf-dist/tex/latex/xcolor/xcolor.sty
Package: xcolor 2024/09/29 v3.02 LaTeX color extensions (UK)
 (d:/Texlive/texlive/2025/texmf-dist/tex/latex/graphics-cfg/color.cfg
File: color.cfg 2016/01/02 v1.6 sample color configuration
)
Package xcolor Info: Driver file: pdftex.def on input line 274.
 (d:/Texlive/texlive/2025/texmf-dist/tex/latex/graphics-def/pdftex.def
File: pdftex.def 2024/04/13 v1.2c Graphics/color driver for pdftex
) (d:/Texlive/texlive/2025/texmf-dist/tex/latex/graphics/mathcolor.ltx)
Package xcolor Info: Model `cmy' substituted by `cmy0' on input line 1349.
Package xcolor Info: Model `hsb' substituted by `rgb' on input line 1353.
Package xcolor Info: Model `RGB' extended on input line 1365.
Package xcolor Info: Model `HTML' substituted by `rgb' on input line 1367.
Package xcolor Info: Model `Hsb' substituted by `hsb' on input line 1368.
Package xcolor Info: Model `tHsb' substituted by `hsb' on input line 1369.
Package xcolor Info: Model `HSB' substituted by `hsb' on input line 1370.
Package xcolor Info: Model `Gray' substituted by `gray' on input line 1371.
Package xcolor Info: Model `wave' substituted by `hsb' on input line 1372.
) (d:/Texlive/texlive/2025/texmf-dist/tex/generic/soul/soul.sty
Package: soul 2023-06-14 v3.1 Permit use of UTF-8 characters in soul (HO)
 (d:/Texlive/texlive/2025/texmf-dist/tex/generic/soul/soul-ori.sty
Package: soul-ori 2023-06-14 v3.1 letterspacing/underlining (mf)
\SOUL@word=\toks25
\SOUL@lasttoken=\toks26
\SOUL@syllable=\toks27
\SOUL@cmds=\toks28
\SOUL@buffer=\toks29
\SOUL@token=\toks30
\SOUL@syllgoal=\dimen168
\SOUL@syllwidth=\dimen169
\SOUL@charkern=\dimen170
\SOUL@hyphkern=\dimen171
\SOUL@dimen=\dimen172
\SOUL@dimeni=\dimen173
\SOUL@minus=\count435
\SOUL@comma=\count436
\SOUL@apo=\count437
\SOUL@grave=\count438
\SOUL@spaceskip=\skip82
\SOUL@ttwidth=\dimen174
\SOUL@uldp=\dimen175
\SOUL@ulht=\dimen176
) (d:/Texlive/texlive/2025/texmf-dist/tex/generic/etexcmds/etexcmds.sty
Package: etexcmds 2019/12/15 v1.7 Avoid name clashes with e-TeX commands (HO)
)) (d:/Texlive/texlive/2025/texmf-dist/tex/latex/bookmark/bookmark.sty
Package: bookmark 2023-12-10 v1.31 PDF bookmarks (HO)
 (d:/Texlive/texlive/2025/texmf-dist/tex/latex/bookmark/bkm-pdftex.def
File: bkm-pdftex.def 2023-12-10 v1.31 bookmark driver for pdfTeX and luaTeX (HO)
\BKM@id=\count439
)) (d:/Texlive/texlive/2025/texmf-dist/tex/latex/amscls/amsthm.sty
Package: amsthm 2020/05/29 v2.20.6
\thm@style=\toks31
\thm@bodyfont=\toks32
\thm@headfont=\toks33
\thm@notefont=\toks34
\thm@headpunct=\toks35
\thm@preskip=\skip83
\thm@postskip=\skip84
\thm@headsep=\skip85
\dth@everypar=\toks36
)) (d:/Texlive/texlive/2025/texmf-dist/tex/latex/cjk/texinput/UTF8/UTF8.enc
File: UTF8.enc 2021/10/16 4.8.5
) (d:/Texlive/texlive/2025/texmf-dist/tex/latex/cjk/texinput/UTF8/UTF8.chr
File: UTF8.chr 2021/10/16 4.8.5
)
\@quotelevel=\count440
\@quotereset=\count441
 (./Notes on Common Calculus Equations.aux)
\openout1 = `"Notes on Common Calculus Equations.aux"'.

LaTeX Font Info:    Checking defaults for OML/cmm/m/it on input line 4.
LaTeX Font Info:    ... okay on input line 4.
LaTeX Font Info:    Checking defaults for OMS/cmsy/m/n on input line 4.
LaTeX Font Info:    ... okay on input line 4.
LaTeX Font Info:    Checking defaults for OT1/cmr/m/n on input line 4.
LaTeX Font Info:    ... okay on input line 4.
LaTeX Font Info:    Checking defaults for T1/cmr/m/n on input line 4.
LaTeX Font Info:    ... okay on input line 4.
LaTeX Font Info:    Checking defaults for TS1/cmr/m/n on input line 4.
LaTeX Font Info:    ... okay on input line 4.
LaTeX Font Info:    Checking defaults for OMX/cmex/m/n on input line 4.
LaTeX Font Info:    ... okay on input line 4.
LaTeX Font Info:    Checking defaults for U/cmr/m/n on input line 4.
LaTeX Font Info:    ... okay on input line 4.
LaTeX Font Info:    Checking defaults for C00/song/m/n on input line 4.
LaTeX Font Info:    ... okay on input line 4.
LaTeX Font Info:    Checking defaults for C05/song/m/n on input line 4.
LaTeX Font Info:    ... okay on input line 4.
LaTeX Font Info:    Checking defaults for C09/song/m/n on input line 4.
LaTeX Font Info:    ... okay on input line 4.
LaTeX Font Info:    Checking defaults for C10/song/m/n on input line 4.
LaTeX Font Info:    ... okay on input line 4.
LaTeX Font Info:    Checking defaults for C20/song/m/n on input line 4.
LaTeX Font Info:    ... okay on input line 4.
LaTeX Font Info:    Checking defaults for C19/song/m/n on input line 4.
LaTeX Font Info:    ... okay on input line 4.
LaTeX Font Info:    Checking defaults for C40/song/m/n on input line 4.
LaTeX Font Info:    ... okay on input line 4.
LaTeX Font Info:    Checking defaults for C42/song/m/n on input line 4.
LaTeX Font Info:    ... okay on input line 4.
LaTeX Font Info:    Checking defaults for C43/song/m/n on input line 4.
LaTeX Font Info:    ... okay on input line 4.
LaTeX Font Info:    Checking defaults for C50/song/m/n on input line 4.
LaTeX Font Info:    ... okay on input line 4.
LaTeX Font Info:    Checking defaults for C52/song/m/n on input line 4.
LaTeX Font Info:    ... okay on input line 4.
LaTeX Font Info:    Checking defaults for C49/song/m/n on input line 4.
LaTeX Font Info:    ... okay on input line 4.
LaTeX Font Info:    Checking defaults for C60/mj/m/n on input line 4.
LaTeX Font Info:    ... okay on input line 4.
LaTeX Font Info:    Checking defaults for C61/mj/m/n on input line 4.
LaTeX Font Info:    ... okay on input line 4.
LaTeX Font Info:    Checking defaults for C63/mj/m/n on input line 4.
LaTeX Font Info:    ... okay on input line 4.
LaTeX Font Info:    Checking defaults for C64/mj/m/n on input line 4.
LaTeX Font Info:    ... okay on input line 4.
LaTeX Font Info:    Checking defaults for C65/mj/m/n on input line 4.
LaTeX Font Info:    ... okay on input line 4.
LaTeX Font Info:    Checking defaults for C70/song/m/n on input line 4.
LaTeX Font Info:    ... okay on input line 4.
LaTeX Font Info:    Checking defaults for C31/song/m/n on input line 4.
LaTeX Font Info:    ... okay on input line 4.
LaTeX Font Info:    Checking defaults for C32/song/m/n on input line 4.
LaTeX Font Info:    ... okay on input line 4.
LaTeX Font Info:    Checking defaults for C33/song/m/n on input line 4.
LaTeX Font Info:    ... okay on input line 4.
LaTeX Font Info:    Checking defaults for C34/song/m/n on input line 4.
LaTeX Font Info:    ... okay on input line 4.
LaTeX Font Info:    Checking defaults for C35/song/m/n on input line 4.
LaTeX Font Info:    ... okay on input line 4.
LaTeX Font Info:    Checking defaults for C36/song/m/n on input line 4.
LaTeX Font Info:    ... okay on input line 4.
LaTeX Font Info:    Checking defaults for C37/song/m/n on input line 4.
LaTeX Font Info:    ... okay on input line 4.
LaTeX Font Info:    Checking defaults for C80/song/m/n on input line 4.
LaTeX Font Info:    ... okay on input line 4.
LaTeX Font Info:    Checking defaults for C81/song/m/n on input line 4.
LaTeX Font Info:    ... okay on input line 4.
LaTeX Font Info:    Checking defaults for C01/song/m/n on input line 4.
LaTeX Font Info:    ... okay on input line 4.
LaTeX Font Info:    Checking defaults for C11/song/m/n on input line 4.
LaTeX Font Info:    ... okay on input line 4.
LaTeX Font Info:    Checking defaults for C21/song/m/n on input line 4.
LaTeX Font Info:    ... okay on input line 4.
LaTeX Font Info:    Checking defaults for C41/song/m/n on input line 4.
LaTeX Font Info:    ... okay on input line 4.
LaTeX Font Info:    Checking defaults for C62/song/m/n on input line 4.
LaTeX Font Info:    ... okay on input line 4.
LaTeX Font Info:    Checking defaults for PD1/pdf/m/n on input line 4.
LaTeX Font Info:    ... okay on input line 4.
LaTeX Font Info:    Checking defaults for PU/pdf/m/n on input line 4.
LaTeX Font Info:    ... okay on input line 4.
Package biblatex Info: Trying to load language 'english'...
Package biblatex Info: ... file 'english.lbx' found.
 (d:/Texlive/texlive/2025/texmf-dist/tex/latex/biblatex/lbx/english.lbx
File: english.lbx 2024/03/21 v3.20 biblatex localization (PK/MW)
)
Package biblatex Info: Input encoding 'utf8' detected.
Package biblatex Info: Automatic encoding selection.
(biblatex)             Assuming data encoding 'utf8'.
\openout3 = `"Notes on Common Calculus Equations.bcf"'.

Package biblatex Info: Trying to load bibliographic data...
Package biblatex Info: ... file '"Notes on Common Calculus Equations".bbl' not found.

No file "Notes on Common Calculus Equations".bbl.
Package biblatex Info: Reference section=0 on input line 4.
Package biblatex Info: Reference segment=0 on input line 4.
Package hyperref Info: Link coloring OFF on input line 4.
(d:/Texlive/texlive/2025/texmf-dist/tex/latex/graphics/graphicx.sty
Package: graphicx 2021/09/16 v1.2d Enhanced LaTeX Graphics (DPC,SPQR)
 (d:/Texlive/texlive/2025/texmf-dist/tex/latex/graphics/graphics.sty
Package: graphics 2024/08/06 v1.4g Standard LaTeX Graphics (DPC,SPQR)
 (d:/Texlive/texlive/2025/texmf-dist/tex/latex/graphics/trig.sty
Package: trig 2023/12/02 v1.11 sin cos tan (DPC)
) (d:/Texlive/texlive/2025/texmf-dist/tex/latex/graphics-cfg/graphics.cfg
File: graphics.cfg 2016/06/04 v1.11 sample graphics configuration
)
Package graphics Info: Driver file: pdftex.def on input line 106.
)
\Gin@req@height=\dimen177
\Gin@req@width=\dimen178
) (d:/Texlive/texlive/2025/texmf-dist/tex/context/base/mkii/supp-pdf.mkii
[Loading MPS to PDF converter (version 2006.09.02).]
\scratchcounter=\count442
\scratchdimen=\dimen179
\scratchbox=\box58
\nofMPsegments=\count443
\nofMParguments=\count444
\everyMPshowfont=\toks37
\MPscratchCnt=\count445
\MPscratchDim=\dimen180
\MPnumerator=\count446
\makeMPintoPDFobject=\count447
\everyMPtoPDFconversion=\toks38
) (d:/Texlive/texlive/2025/texmf-dist/tex/latex/epstopdf-pkg/epstopdf-base.sty
Package: epstopdf-base 2020-01-24 v2.11 Base part for package epstopdf
Package epstopdf-base Info: Redefining graphics rule for `.eps' on input line 485.
 (d:/Texlive/texlive/2025/texmf-dist/tex/latex/latexconfig/epstopdf-sys.cfg
File: epstopdf-sys.cfg 2010/07/13 v1.3 Configuration of (r)epstopdf for TeX Live
))
LaTeX Font Info:    Trying to load font information for C70+zhhei on input line 7.
 (d:/Texlive/texlive/2025/texmf-dist/tex/latex/zhmetrics/c70zhhei.fd
File: c70zhhei.fd 2009/09/23 4.8.2
)
LaTeX Font Info:    Trying to load font information for U+msa on input line 7.
 (d:/Texlive/texlive/2025/texmf-dist/tex/latex/amsfonts/umsa.fd
File: umsa.fd 2013/01/14 v3.01 AMS symbols A
)
LaTeX Font Info:    Trying to load font information for U+msb on input line 7.
 (d:/Texlive/texlive/2025/texmf-dist/tex/latex/amsfonts/umsb.fd
File: umsb.fd 2013/01/14 v3.01 AMS symbols B
)
LaTeX Font Info:    Trying to load font information for C70+zhkai on input line 7.
 (d:/Texlive/texlive/2025/texmf-dist/tex/latex/zhmetrics/c70zhkai.fd
File: c70zhkai.fd 2009/09/23 4.8.2
)
Package CJKpunct Info: use punctuation spaces for family 'zhkai' with punctstyle (quanjiao) on input line 7.
LaTeX Font Info:    Trying to load font information for C70+rm on input line 7.
 (d:/Texlive/texlive/2025/texmf-dist/tex/latex/ctex/fd/c70rm.fd
File: c70rm.fd 2022/07/14 v2.5.10 Chinese font definition (CTEX)
)
Package CJKpunct Info: use punctuation spaces for family 'rm' with punctstyle (quanjiao) on input line 7.
 (./content.tex

(d:/Texlive/texlive/2025/texmf-dist/tex/generic/ctex/zhmap/ctex-zhmap-windows.tex
File: ctex-zhmap-windows.tex 2022/07/14 v2.5.10 Windows font map loader for pdfTeX and DVIPDFMx (CTEX)
{d:/Texlive/texlive/2025/texmf-var/fonts/map/pdftex/updmap/pdftex.map}{UGBK.sfd}{Unicode.sfd}) [1

] (./Notes on Common Calculus Equations.toc

[2]

[3]
Overfull \hbox (4.51683pt too wide) detected at line 61
[]\OT1/cmr/bx/n/18.06749 10[] 
 []


Overfull \hbox (1.96811pt too wide) detected at line 62
\OT1/cmr/m/n/15.05624 10.1 
 []


Overfull \hbox (1.96811pt too wide) detected at line 66
\OT1/cmr/m/n/15.05624 10.2 
 []


Overfull \hbox (1.96811pt too wide) detected at line 69
\OT1/cmr/m/n/15.05624 10.3 
 []


Overfull \hbox (1.96811pt too wide) detected at line 70
\OT1/cmr/m/n/15.05624 10.4 
 []


Overfull \hbox (1.96811pt too wide) detected at line 71
\OT1/cmr/m/n/15.05624 10.5 
 []


Overfull \hbox (4.51683pt too wide) detected at line 72
[]\OT1/cmr/bx/n/18.06749 11[] 
 []


Overfull \hbox (1.96811pt too wide) detected at line 73
\OT1/cmr/m/n/15.05624 11.1 
 []


Overfull \hbox (1.96811pt too wide) detected at line 76
\OT1/cmr/m/n/15.05624 11.2 
 []


Overfull \hbox (1.96811pt too wide) detected at line 82
\OT1/cmr/m/n/15.05624 11.3 
 []


Overfull \hbox (4.51683pt too wide) detected at line 83
[]\OT1/cmr/bx/n/18.06749 12[] 
 []


Overfull \hbox (1.96811pt too wide) detected at line 84
\OT1/cmr/m/n/15.05624 12.1 
 []


Overfull \hbox (1.96811pt too wide) detected at line 86
\OT1/cmr/m/n/15.05624 12.2 
 []


Overfull \hbox (1.96811pt too wide) detected at line 88
\OT1/cmr/m/n/15.05624 12.3 
 []



[4]
Overfull \hbox (1.96811pt too wide) detected at line 90
\OT1/cmr/m/n/15.05624 12.4 
 []

)
\tf@toc=\write4
\openout4 = `"Notes on Common Calculus Equations.toc"'.

) (./1_geometry.tex

[5]
<C:/Users/37/Desktop/Notes on Common Calculus Equations/Notes and pictures/cwjffc1.png, id=364, 790.45313pt x 529.98pt>
File: C:/Users/37/Desktop/Notes on Common Calculus Equations/Notes and pictures/cwjffc1.png Graphic file (type png)
<use C:/Users/37/Desktop/Notes on Common Calculus Equations/Notes and pictures/cwjffc1.png>
Package pdftex.def Info: C:/Users/37/Desktop/Notes on Common Calculus Equations/Notes and pictures/cwjffc1.png  used on input line 19.
(pdftex.def)             Requested size: 345.0pt x 231.31577pt.


[6 <c:/Users/37/Desktop/Notes on Common Calculus Equations/Notes and pictures/cwjffc1.png>]
Overfull \hbox (2.81566pt too wide) in paragraph at lines 31--31
[]\OT1/cmr/bx/n/18.06749 DRAWINGQ DI-REC-TION FIELD 
 []



[7]
<C:/Users/37/Desktop/Notes on Common Calculus Equations/Notes and pictures/cwffc2.png, id=397, 1420.55719pt x 840.13875pt>
File: C:/Users/37/Desktop/Notes on Common Calculus Equations/Notes and pictures/cwffc2.png Graphic file (type png)
<use C:/Users/37/Desktop/Notes on Common Calculus Equations/Notes and pictures/cwffc2.png>
Package pdftex.def Info: C:/Users/37/Desktop/Notes on Common Calculus Equations/Notes and pictures/cwffc2.png  used on input line 57.
(pdftex.def)             Requested size: 241.49895pt x 142.8217pt.
<C:/Users/37/Desktop/Notes on Common Calculus Equations/Notes and pictures/cwffc3.png, id=400, 1120.185pt x 777.65532pt>
File: C:/Users/37/Desktop/Notes on Common Calculus Equations/Notes and pictures/cwffc3.png Graphic file (type png)
<use C:/Users/37/Desktop/Notes on Common Calculus Equations/Notes and pictures/cwffc3.png>
Package pdftex.def Info: C:/Users/37/Desktop/Notes on Common Calculus Equations/Notes and pictures/cwffc3.png  used on input line 72.
(pdftex.def)             Requested size: 276.00105pt x 191.60109pt.


[8 <c:/Users/37/Desktop/Notes on Common Calculus Equations/Notes and pictures/cwffc2.png> <c:/Users/37/Desktop/Notes on Common Calculus Equations/Notes and pictures/cwffc3.png>]
Underfull \hbox (badness 10000) in paragraph at lines 91--99

 []



[9]
<C:/Users/37/Desktop/Notes on Common Calculus Equations/Notes and pictures/cwffc4.png, id=425, 1201.48875pt x 666.99188pt>
File: C:/Users/37/Desktop/Notes on Common Calculus Equations/Notes and pictures/cwffc4.png Graphic file (type png)
<use C:/Users/37/Desktop/Notes on Common Calculus Equations/Notes and pictures/cwffc4.png>
Package pdftex.def Info: C:/Users/37/Desktop/Notes on Common Calculus Equations/Notes and pictures/cwffc4.png  used on input line 104.
(pdftex.def)             Requested size: 345.0pt x 191.5195pt.
) (./2_euler.tex

[10 <c:/Users/37/Desktop/Notes on Common Calculus Equations/Notes and pictures/cwffc4.png>]
<C:/Users/37/Desktop/Notes on Common Calculus Equations/Notes and pictures/cwffc5.png, id=433, 394.97563pt x 287.57437pt>
File: C:/Users/37/Desktop/Notes on Common Calculus Equations/Notes and pictures/cwffc5.png Graphic file (type png)
<use C:/Users/37/Desktop/Notes on Common Calculus Equations/Notes and pictures/cwffc5.png>
Package pdftex.def Info: C:/Users/37/Desktop/Notes on Common Calculus Equations/Notes and pictures/cwffc5.png  used on input line 21.
(pdftex.def)             Requested size: 345.0pt x 251.18816pt.
<C:/Users/37/Desktop/Notes on Common Calculus Equations/Notes and pictures/cwffc6.png, id=435, 550.30594pt x 441.90094pt>
File: C:/Users/37/Desktop/Notes on Common Calculus Equations/Notes and pictures/cwffc6.png Graphic file (type png)
<use C:/Users/37/Desktop/Notes on Common Calculus Equations/Notes and pictures/cwffc6.png>
Package pdftex.def Info: C:/Users/37/Desktop/Notes on Common Calculus Equations/Notes and pictures/cwffc6.png  used on input line 33.
(pdftex.def)             Requested size: 345.0pt x 277.04375pt.


[11 <c:/Users/37/Desktop/Notes on Common Calculus Equations/Notes and pictures/cwffc5.png>]

[12 <c:/Users/37/Desktop/Notes on Common Calculus Equations/Notes and pictures/cwffc6.png>]

[13]
<C:/Users/37/Desktop/Notes on Common Calculus Equations/Notes and pictures/cwffc2.21.png, id=461, 990.70125pt x 431.36156pt>
File: C:/Users/37/Desktop/Notes on Common Calculus Equations/Notes and pictures/cwffc2.21.png Graphic file (type png)
<use C:/Users/37/Desktop/Notes on Common Calculus Equations/Notes and pictures/cwffc2.21.png>
Package pdftex.def Info: C:/Users/37/Desktop/Notes on Common Calculus Equations/Notes and pictures/cwffc2.21.png  used on input line 85.
(pdftex.def)             Requested size: 345.0pt x 150.21529pt.


[14 <c:/Users/37/Desktop/Notes on Common Calculus Equations/Notes and pictures/cwffc2.21.png>]
<C:/Users/37/Desktop/Notes on Common Calculus Equations/Notes and pictures/cwffc2.3.1.png, id=471, 655.69969pt x 414.79968pt>
File: C:/Users/37/Desktop/Notes on Common Calculus Equations/Notes and pictures/cwffc2.3.1.png Graphic file (type png)
<use C:/Users/37/Desktop/Notes on Common Calculus Equations/Notes and pictures/cwffc2.3.1.png>
Package pdftex.def Info: C:/Users/37/Desktop/Notes on Common Calculus Equations/Notes and pictures/cwffc2.3.1.png  used on input line 117.
(pdftex.def)             Requested size: 345.0pt x 218.24779pt.


[15 <c:/Users/37/Desktop/Notes on Common Calculus Equations/Notes and pictures/cwffc2.3.1.png>]
<C:/Users/37/Desktop/Notes on Common Calculus Equations/Notes and pictures/cwffc2.3.2.png, id=482, 502.87875pt x 385.44pt>
File: C:/Users/37/Desktop/Notes on Common Calculus Equations/Notes and pictures/cwffc2.3.2.png Graphic file (type png)
<use C:/Users/37/Desktop/Notes on Common Calculus Equations/Notes and pictures/cwffc2.3.2.png>
Package pdftex.def Info: C:/Users/37/Desktop/Notes on Common Calculus Equations/Notes and pictures/cwffc2.3.2.png  used on input line 138.
(pdftex.def)             Requested size: 207.0021pt x 158.66072pt.


[16 <c:/Users/37/Desktop/Notes on Common Calculus Equations/Notes and pictures/cwffc2.3.2.png>]
<C:/Users/37/Desktop/Notes on Common Calculus Equations/Notes and pictures/cwwfc2.3.2.2.png, id=492, 733.23938pt x 563.85657pt>
File: C:/Users/37/Desktop/Notes on Common Calculus Equations/Notes and pictures/cwwfc2.3.2.2.png Graphic file (type png)
<use C:/Users/37/Desktop/Notes on Common Calculus Equations/Notes and pictures/cwwfc2.3.2.2.png>
Package pdftex.def Info: C:/Users/37/Desktop/Notes on Common Calculus Equations/Notes and pictures/cwwfc2.3.2.2.png  used on input line 177.
(pdftex.def)             Requested size: 207.0021pt x 159.17792pt.
) (./3_ODE.tex

[17 <c:/Users/37/Desktop/Notes on Common Calculus Equations/Notes and pictures/cwwfc2.3.2.2.png>]

[18]
<C:/Users/37/Desktop/Notes on Common Calculus Equations/Notes and pictures/cwffc3.1.1.png, id=511, 675.27281pt x 562.35094pt>
File: C:/Users/37/Desktop/Notes on Common Calculus Equations/Notes and pictures/cwffc3.1.1.png Graphic file (type png)
<use C:/Users/37/Desktop/Notes on Common Calculus Equations/Notes and pictures/cwffc3.1.1.png>
Package pdftex.def Info: C:/Users/37/Desktop/Notes on Common Calculus Equations/Notes and pictures/cwffc3.1.1.png  used on input line 40.
(pdftex.def)             Requested size: 207.0021pt x 172.38773pt.


[19 <c:/Users/37/Desktop/Notes on Common Calculus Equations/Notes and pictures/cwffc3.1.1.png>]

[20]) (./4_huanyuan.tex

[21]

[22]

[23]) (./5_zizhiODE.tex

[24]
<C:/Users/37/Desktop/Notes on Common Calculus Equations/Notes and pictures/cwffc5.1.1.png, id=558, 599.23875pt x 408.52625pt>
File: C:/Users/37/Desktop/Notes on Common Calculus Equations/Notes and pictures/cwffc5.1.1.png Graphic file (type png)
<use C:/Users/37/Desktop/Notes on Common Calculus Equations/Notes and pictures/cwffc5.1.1.png>
Package pdftex.def Info: C:/Users/37/Desktop/Notes on Common Calculus Equations/Notes and pictures/cwffc5.1.1.png  used on input line 23.
(pdftex.def)             Requested size: 207.0021pt x 141.12248pt.

Underfull \hbox (badness 10000) in paragraph at lines 20--30

 []


Underfull \hbox (badness 10000) in paragraph at lines 20--30

 []



[25 <c:/Users/37/Desktop/Notes on Common Calculus Equations/Notes and pictures/cwffc5.1.1.png>]
<C:/Users/37/Desktop/Notes on Common Calculus Equations/Notes and pictures/cwffc5.1.2.png, id=569, 363.3575pt x 250.43562pt>
File: C:/Users/37/Desktop/Notes on Common Calculus Equations/Notes and pictures/cwffc5.1.2.png Graphic file (type png)
<use C:/Users/37/Desktop/Notes on Common Calculus Equations/Notes and pictures/cwffc5.1.2.png>
Package pdftex.def Info: C:/Users/37/Desktop/Notes on Common Calculus Equations/Notes and pictures/cwffc5.1.2.png  used on input line 40.
(pdftex.def)             Requested size: 207.0021pt x 142.67336pt.
<C:/Users/37/Desktop/Notes on Common Calculus Equations/Notes and pictures/cwffc5.1.3.png, id=570, 557.58313pt x 345.29pt>
File: C:/Users/37/Desktop/Notes on Common Calculus Equations/Notes and pictures/cwffc5.1.3.png Graphic file (type png)
<use C:/Users/37/Desktop/Notes on Common Calculus Equations/Notes and pictures/cwffc5.1.3.png>
Package pdftex.def Info: C:/Users/37/Desktop/Notes on Common Calculus Equations/Notes and pictures/cwffc5.1.3.png  used on input line 57.
(pdftex.def)             Requested size: 137.9979pt x 85.45294pt.
<C:/Users/37/Desktop/Notes on Common Calculus Equations/Notes and pictures/cwffc5.1.4.png, id=571, 473.26813pt x 317.68687pt>
File: C:/Users/37/Desktop/Notes on Common Calculus Equations/Notes and pictures/cwffc5.1.4.png Graphic file (type png)
<use C:/Users/37/Desktop/Notes on Common Calculus Equations/Notes and pictures/cwffc5.1.4.png>
Package pdftex.def Info: C:/Users/37/Desktop/Notes on Common Calculus Equations/Notes and pictures/cwffc5.1.4.png  used on input line 64.
(pdftex.def)             Requested size: 137.9979pt x 92.63097pt.
<C:/Users/37/Desktop/Notes on Common Calculus Equations/Notes and pictures/cwffc5.1.5.png, id=572, 547.04375pt x 361.85187pt>
File: C:/Users/37/Desktop/Notes on Common Calculus Equations/Notes and pictures/cwffc5.1.5.png Graphic file (type png)
<use C:/Users/37/Desktop/Notes on Common Calculus Equations/Notes and pictures/cwffc5.1.5.png>
Package pdftex.def Info: C:/Users/37/Desktop/Notes on Common Calculus Equations/Notes and pictures/cwffc5.1.5.png  used on input line 71.
(pdftex.def)             Requested size: 172.5pt x 114.10541pt.

Underfull \hbox (badness 10000) in paragraph at lines 51--75

 []


Underfull \hbox (badness 10000) in paragraph at lines 51--75

 []


Underfull \hbox (badness 10000) in paragraph at lines 51--75

 []



[26 <c:/Users/37/Desktop/Notes on Common Calculus Equations/Notes and pictures/cwffc5.1.2.png>]

[27 <c:/Users/37/Desktop/Notes on Common Calculus Equations/Notes and pictures/cwffc5.1.3.png> <c:/Users/37/Desktop/Notes on Common Calculus Equations/Notes and pictures/cwffc5.1.4.png> <c:/Users/37/Desktop/Notes on Common Calculus Equations/Notes and pictures/cwffc5.1.5.png>]
<C:/Users/37/Desktop/Notes on Common Calculus Equations/Notes and pictures/cwffc5.1.6.png, id=596, 670.505pt x 435.6275pt>
File: C:/Users/37/Desktop/Notes on Common Calculus Equations/Notes and pictures/cwffc5.1.6.png Graphic file (type png)
<use C:/Users/37/Desktop/Notes on Common Calculus Equations/Notes and pictures/cwffc5.1.6.png>
Package pdftex.def Info: C:/Users/37/Desktop/Notes on Common Calculus Equations/Notes and pictures/cwffc5.1.6.png  used on input line 94.
(pdftex.def)             Requested size: 103.50105pt x 67.24239pt.
<C:/Users/37/Desktop/Notes on Common Calculus Equations/Notes and pictures/cwffc5.1.7.png, id=597, 672.01062pt x 440.14438pt>
File: C:/Users/37/Desktop/Notes on Common Calculus Equations/Notes and pictures/cwffc5.1.7.png Graphic file (type png)
<use C:/Users/37/Desktop/Notes on Common Calculus Equations/Notes and pictures/cwffc5.1.7.png>
Package pdftex.def Info: C:/Users/37/Desktop/Notes on Common Calculus Equations/Notes and pictures/cwffc5.1.7.png  used on input line 101.
(pdftex.def)             Requested size: 172.5pt x 112.97745pt.


[28 <c:/Users/37/Desktop/Notes on Common Calculus Equations/Notes and pictures/cwffc5.1.6.png> <c:/Users/37/Desktop/Notes on Common Calculus Equations/Notes and pictures/cwffc5.1.7.png>]
<C:/Users/37/Desktop/Notes on Common Calculus Equations/Notes and pictures/cwffc5.1.8.png, id=610, 684.05562pt x 480.29437pt>
File: C:/Users/37/Desktop/Notes on Common Calculus Equations/Notes and pictures/cwffc5.1.8.png Graphic file (type png)
<use C:/Users/37/Desktop/Notes on Common Calculus Equations/Notes and pictures/cwffc5.1.8.png>
Package pdftex.def Info: C:/Users/37/Desktop/Notes on Common Calculus Equations/Notes and pictures/cwffc5.1.8.png  used on input line 116.
(pdftex.def)             Requested size: 137.9979pt x 96.89264pt.
<C:/Users/37/Desktop/Notes on Common Calculus Equations/Notes and pictures/cwffc5.1.9.png, id=611, 739.76375pt x 512.41437pt>
File: C:/Users/37/Desktop/Notes on Common Calculus Equations/Notes and pictures/cwffc5.1.9.png Graphic file (type png)
<use C:/Users/37/Desktop/Notes on Common Calculus Equations/Notes and pictures/cwffc5.1.9.png>
Package pdftex.def Info: C:/Users/37/Desktop/Notes on Common Calculus Equations/Notes and pictures/cwffc5.1.9.png  used on input line 123.
(pdftex.def)             Requested size: 172.5pt x 119.48695pt.
) (./6_i.tex

[29 <c:/Users/37/Desktop/Notes on Common Calculus Equations/Notes and pictures/cwffc5.1.8.png> <c:/Users/37/Desktop/Notes on Common Calculus Equations/Notes and pictures/cwffc5.1.9.png>]

[30]
<C:/Users/37/Desktop/Notes on Common Calculus Equations/Notes and pictures/cwffc6.1.1.png, id=627, 584.68437pt x 528.47438pt>
File: C:/Users/37/Desktop/Notes on Common Calculus Equations/Notes and pictures/cwffc6.1.1.png Graphic file (type png)
<use C:/Users/37/Desktop/Notes on Common Calculus Equations/Notes and pictures/cwffc6.1.1.png>
Package pdftex.def Info: C:/Users/37/Desktop/Notes on Common Calculus Equations/Notes and pictures/cwffc6.1.1.png  used on input line 45.
(pdftex.def)             Requested size: 172.5pt x 155.91472pt.
) (./7.tex

[31 <c:/Users/37/Desktop/Notes on Common Calculus Equations/Notes and pictures/cwffc6.1.1.png>]
<C:/Users/37/Desktop/Notes on Common Calculus Equations/Notes and pictures/cwffc7.1.1.png, id=635, 675.27281pt x 562.35094pt>
File: C:/Users/37/Desktop/Notes on Common Calculus Equations/Notes and pictures/cwffc7.1.1.png Graphic file (type png)
<use C:/Users/37/Desktop/Notes on Common Calculus Equations/Notes and pictures/cwffc7.1.1.png>
Package pdftex.def Info: C:/Users/37/Desktop/Notes on Common Calculus Equations/Notes and pictures/cwffc7.1.1.png  used on input line 17.
(pdftex.def)             Requested size: 207.0021pt x 172.38773pt.


[32 <c:/Users/37/Desktop/Notes on Common Calculus Equations/Notes and pictures/cwffc7.1.1.png>]

[33]

[34]) (./8.tex

[35]
<C:/Users/37/Desktop/Notes on Common Calculus Equations/Notes and pictures/c8.1.1.png, id=661, 1183.42125pt x 761.09344pt>
File: C:/Users/37/Desktop/Notes on Common Calculus Equations/Notes and pictures/c8.1.1.png Graphic file (type png)
<use C:/Users/37/Desktop/Notes on Common Calculus Equations/Notes and pictures/c8.1.1.png>
Package pdftex.def Info: C:/Users/37/Desktop/Notes on Common Calculus Equations/Notes and pictures/c8.1.1.png  used on input line 16.
(pdftex.def)             Requested size: 207.0021pt x 133.12366pt.


[36 <c:/Users/37/Desktop/Notes on Common Calculus Equations/Notes and pictures/c8.1.1.png>]

[37]

[38]

[39]

[40]

[41]
Underfull \hbox (badness 10000) in paragraph at lines 205--207

 []

LaTeX Font Info:    Trying to load font information for OMS+cmr on input line 209.
(d:/Texlive/texlive/2025/texmf-dist/tex/latex/base/omscmr.fd
File: omscmr.fd 2024/11/19 v2.5n Standard LaTeX font definitions
)
LaTeX Font Info:    Font shape `OMS/cmr/m/n' in size <12.045> not available
(Font)              Font shape `OMS/cmsy/m/n' tried instead on input line 209.


[42]

[43]

[44]

[45]

[46]

[47]

[48]) (./9_fourier.tex

[49]
<C:/Users/37/Desktop/Notes on Common Calculus Equations/Notes and pictures/cwf9.1.1.png, id=732, 905.3825pt x 619.31375pt>
File: C:/Users/37/Desktop/Notes on Common Calculus Equations/Notes and pictures/cwf9.1.1.png Graphic file (type png)
<use C:/Users/37/Desktop/Notes on Common Calculus Equations/Notes and pictures/cwf9.1.1.png>
Package pdftex.def Info: C:/Users/37/Desktop/Notes on Common Calculus Equations/Notes and pictures/cwf9.1.1.png  used on input line 20.
(pdftex.def)             Requested size: 172.5pt x 117.99213pt.


[50 <c:/Users/37/Desktop/Notes on Common Calculus Equations/Notes and pictures/cwf9.1.1.png>]
<C:/Users/37/Desktop/Notes on Common Calculus Equations/Notes and pictures/cwf9.1.2.png, id=741, 994.21437pt x 626.34pt>
File: C:/Users/37/Desktop/Notes on Common Calculus Equations/Notes and pictures/cwf9.1.2.png Graphic file (type png)
<use C:/Users/37/Desktop/Notes on Common Calculus Equations/Notes and pictures/cwf9.1.2.png>
Package pdftex.def Info: C:/Users/37/Desktop/Notes on Common Calculus Equations/Notes and pictures/cwf9.1.2.png  used on input line 33.
(pdftex.def)             Requested size: 207.0021pt x 130.40753pt.


[51 <c:/Users/37/Desktop/Notes on Common Calculus Equations/Notes and pictures/cwf9.1.2.png>]
<C:/Users/37/Desktop/Notes on Common Calculus Equations/Notes and pictures/cwf9.1.3.png, id=749, 1051.42813pt x 620.81938pt>
File: C:/Users/37/Desktop/Notes on Common Calculus Equations/Notes and pictures/cwf9.1.3.png Graphic file (type png)
<use C:/Users/37/Desktop/Notes on Common Calculus Equations/Notes and pictures/cwf9.1.3.png>
Package pdftex.def Info: C:/Users/37/Desktop/Notes on Common Calculus Equations/Notes and pictures/cwf9.1.3.png  used on input line 58.
(pdftex.def)             Requested size: 207.0021pt x 122.21973pt.


[52 <c:/Users/37/Desktop/Notes on Common Calculus Equations/Notes and pictures/cwf9.1.3.png>]

[53]

[54]
Overfull \hbox (15.04532pt too wide) detected at line 132
[]
 []



[55]

[56]
<C:/Users/37/Desktop/Notes on Common Calculus Equations/Notes and pictures/cwf9.2.1.png, id=778, 393.47pt x 295.60437pt>
File: C:/Users/37/Desktop/Notes on Common Calculus Equations/Notes and pictures/cwf9.2.1.png Graphic file (type png)
<use C:/Users/37/Desktop/Notes on Common Calculus Equations/Notes and pictures/cwf9.2.1.png>
Package pdftex.def Info: C:/Users/37/Desktop/Notes on Common Calculus Equations/Notes and pictures/cwf9.2.1.png  used on input line 201.
(pdftex.def)             Requested size: 137.9979pt x 103.67056pt.


[57]
<C:/Users/37/Desktop/Notes on Common Calculus Equations/Notes and pictures/cwf9.2.2.png, id=785, 410.03188pt x 344.78813pt>
File: C:/Users/37/Desktop/Notes on Common Calculus Equations/Notes and pictures/cwf9.2.2.png Graphic file (type png)
<use C:/Users/37/Desktop/Notes on Common Calculus Equations/Notes and pictures/cwf9.2.2.png>
Package pdftex.def Info: C:/Users/37/Desktop/Notes on Common Calculus Equations/Notes and pictures/cwf9.2.2.png  used on input line 209.
(pdftex.def)             Requested size: 172.5pt x 145.05728pt.
<C:/Users/37/Desktop/Notes on Common Calculus Equations/Notes and pictures/cwf9.2.3.png, id=786, 428.09938pt x 288.07625pt>
File: C:/Users/37/Desktop/Notes on Common Calculus Equations/Notes and pictures/cwf9.2.3.png Graphic file (type png)
<use C:/Users/37/Desktop/Notes on Common Calculus Equations/Notes and pictures/cwf9.2.3.png>
Package pdftex.def Info: C:/Users/37/Desktop/Notes on Common Calculus Equations/Notes and pictures/cwf9.2.3.png  used on input line 219.
(pdftex.def)             Requested size: 172.5pt x 116.07681pt.
<C:/Users/37/Desktop/Notes on Common Calculus Equations/Notes and pictures/cwf9.2.4.png, id=787, 454.69875pt x 306.14375pt>
File: C:/Users/37/Desktop/Notes on Common Calculus Equations/Notes and pictures/cwf9.2.4.png Graphic file (type png)
<use C:/Users/37/Desktop/Notes on Common Calculus Equations/Notes and pictures/cwf9.2.4.png>
Package pdftex.def Info: C:/Users/37/Desktop/Notes on Common Calculus Equations/Notes and pictures/cwf9.2.4.png  used on input line 229.
(pdftex.def)             Requested size: 172.5pt x 116.1443pt.


[58 <c:/Users/37/Desktop/Notes on Common Calculus Equations/Notes and pictures/cwf9.2.1.png> <c:/Users/37/Desktop/Notes on Common Calculus Equations/Notes and pictures/cwf9.2.2.png>]
<C:/Users/37/Desktop/Notes on Common Calculus Equations/Notes and pictures/cwf9.2.5.png, id=796, 429.10312pt x 251.43938pt>
File: C:/Users/37/Desktop/Notes on Common Calculus Equations/Notes and pictures/cwf9.2.5.png Graphic file (type png)
<use C:/Users/37/Desktop/Notes on Common Calculus Equations/Notes and pictures/cwf9.2.5.png>
Package pdftex.def Info: C:/Users/37/Desktop/Notes on Common Calculus Equations/Notes and pictures/cwf9.2.5.png  used on input line 237.
(pdftex.def)             Requested size: 172.5pt x 101.0804pt.


[59 <c:/Users/37/Desktop/Notes on Common Calculus Equations/Notes and pictures/cwf9.2.3.png> <c:/Users/37/Desktop/Notes on Common Calculus Equations/Notes and pictures/cwf9.2.4.png>]

[60 <c:/Users/37/Desktop/Notes on Common Calculus Equations/Notes and pictures/cwf9.2.5.png>]) (./10_laplace.tex

[61]

[62]

[63]

[64]

[65]

[66]

[67]

[68]

[69]

[70]
<C:/Users/37/Desktop/Notes on Common Calculus Equations/Notes and pictures/cwf10.4.1.png, id=853, 368.87813pt x 259.46938pt>
File: C:/Users/37/Desktop/Notes on Common Calculus Equations/Notes and pictures/cwf10.4.1.png Graphic file (type png)
<use C:/Users/37/Desktop/Notes on Common Calculus Equations/Notes and pictures/cwf10.4.1.png>
Package pdftex.def Info: C:/Users/37/Desktop/Notes on Common Calculus Equations/Notes and pictures/cwf10.4.1.png  used on input line 233.
(pdftex.def)             Requested size: 172.5pt x 121.33694pt.
<C:/Users/37/Desktop/Notes on Common Calculus Equations/Notes and pictures/cwf10.4.2.png, id=854, 373.395pt x 281.55188pt>
File: C:/Users/37/Desktop/Notes on Common Calculus Equations/Notes and pictures/cwf10.4.2.png Graphic file (type png)
<use C:/Users/37/Desktop/Notes on Common Calculus Equations/Notes and pictures/cwf10.4.2.png>
Package pdftex.def Info: C:/Users/37/Desktop/Notes on Common Calculus Equations/Notes and pictures/cwf10.4.2.png  used on input line 242.
(pdftex.def)             Requested size: 172.5pt x 130.06963pt.
<C:/Users/37/Desktop/Notes on Common Calculus Equations/Notes and pictures/cwf10.4.3.png, id=855, 483.30562pt x 322.20375pt>
File: C:/Users/37/Desktop/Notes on Common Calculus Equations/Notes and pictures/cwf10.4.3.png Graphic file (type png)
<use C:/Users/37/Desktop/Notes on Common Calculus Equations/Notes and pictures/cwf10.4.3.png>
Package pdftex.def Info: C:/Users/37/Desktop/Notes on Common Calculus Equations/Notes and pictures/cwf10.4.3.png  used on input line 252.
(pdftex.def)             Requested size: 172.5pt x 115.00014pt.


[71 <c:/Users/37/Desktop/Notes on Common Calculus Equations/Notes and pictures/cwf10.4.1.png> <c:/Users/37/Desktop/Notes on Common Calculus Equations/Notes and pictures/cwf10.4.2.png>]
<C:/Users/37/Desktop/Notes on Common Calculus Equations/Notes and pictures/cwf10.4.4.png, id=864, 527.47063pt x 292.59312pt>
File: C:/Users/37/Desktop/Notes on Common Calculus Equations/Notes and pictures/cwf10.4.4.png Graphic file (type png)
<use C:/Users/37/Desktop/Notes on Common Calculus Equations/Notes and pictures/cwf10.4.4.png>
Package pdftex.def Info: C:/Users/37/Desktop/Notes on Common Calculus Equations/Notes and pictures/cwf10.4.4.png  used on input line 262.
(pdftex.def)             Requested size: 172.5pt x 95.68542pt.
<C:/Users/37/Desktop/Notes on Common Calculus Equations/Notes and pictures/cwf10.4.5.png, id=865, 799.48688pt x 456.70625pt>
File: C:/Users/37/Desktop/Notes on Common Calculus Equations/Notes and pictures/cwf10.4.5.png Graphic file (type png)
<use C:/Users/37/Desktop/Notes on Common Calculus Equations/Notes and pictures/cwf10.4.5.png>
Package pdftex.def Info: C:/Users/37/Desktop/Notes on Common Calculus Equations/Notes and pictures/cwf10.4.5.png  used on input line 279.
(pdftex.def)             Requested size: 172.5pt x 98.53836pt.


[72 <c:/Users/37/Desktop/Notes on Common Calculus Equations/Notes and pictures/cwf10.4.3.png> <c:/Users/37/Desktop/Notes on Common Calculus Equations/Notes and pictures/cwf10.4.4.png>]
<C:/Users/37/Desktop/Notes on Common Calculus Equations/Notes and pictures/cwf10.4.6.png, id=874, 584.68437pt x 351.3125pt>
File: C:/Users/37/Desktop/Notes on Common Calculus Equations/Notes and pictures/cwf10.4.6.png Graphic file (type png)
<use C:/Users/37/Desktop/Notes on Common Calculus Equations/Notes and pictures/cwf10.4.6.png>
Package pdftex.def Info: C:/Users/37/Desktop/Notes on Common Calculus Equations/Notes and pictures/cwf10.4.6.png  used on input line 294.
(pdftex.def)             Requested size: 137.9979pt x 82.9176pt.
<C:/Users/37/Desktop/Notes on Common Calculus Equations/Notes and pictures/cwf10.4.7.png, id=875, 619.31375pt x 337.26pt>
File: C:/Users/37/Desktop/Notes on Common Calculus Equations/Notes and pictures/cwf10.4.7.png Graphic file (type png)
<use C:/Users/37/Desktop/Notes on Common Calculus Equations/Notes and pictures/cwf10.4.7.png>
Package pdftex.def Info: C:/Users/37/Desktop/Notes on Common Calculus Equations/Notes and pictures/cwf10.4.7.png  used on input line 307.
(pdftex.def)             Requested size: 172.5pt x 93.93811pt.


[73 <c:/Users/37/Desktop/Notes on Common Calculus Equations/Notes and pictures/cwf10.4.5.png> <c:/Users/37/Desktop/Notes on Common Calculus Equations/Notes and pictures/cwf10.4.6.png>]

[74 <c:/Users/37/Desktop/Notes on Common Calculus Equations/Notes and pictures/cwf10.4.7.png>]
<C:/Users/37/Desktop/Notes on Common Calculus Equations/Notes and pictures/cwf10.5.1.png, id=891, 482.30188pt x 316.68312pt>
File: C:/Users/37/Desktop/Notes on Common Calculus Equations/Notes and pictures/cwf10.5.1.png Graphic file (type png)
<use C:/Users/37/Desktop/Notes on Common Calculus Equations/Notes and pictures/cwf10.5.1.png>
Package pdftex.def Info: C:/Users/37/Desktop/Notes on Common Calculus Equations/Notes and pictures/cwf10.5.1.png  used on input line 339.
(pdftex.def)             Requested size: 172.5pt x 113.26167pt.


[75 <c:/Users/37/Desktop/Notes on Common Calculus Equations/Notes and pictures/cwf10.5.1.png>]

[76]) (./11.tex

[77]

[78]

[79]
<C:/Users/37/Desktop/Notes on Common Calculus Equations/Notes and pictures/cwf11.2.1.png, id=917, 534.99875pt x 467.24562pt>
File: C:/Users/37/Desktop/Notes on Common Calculus Equations/Notes and pictures/cwf11.2.1.png Graphic file (type png)
<use C:/Users/37/Desktop/Notes on Common Calculus Equations/Notes and pictures/cwf11.2.1.png>
Package pdftex.def Info: C:/Users/37/Desktop/Notes on Common Calculus Equations/Notes and pictures/cwf11.2.1.png  used on input line 104.
(pdftex.def)             Requested size: 172.5pt x 150.65524pt.


[80 <c:/Users/37/Desktop/Notes on Common Calculus Equations/Notes and pictures/cwf11.2.1.png>]

[81]

[82]

[83]

[84]

[85]

[86]

[87]
<C:/Users/37/Desktop/Notes on Common Calculus Equations/Notes and pictures/cwf11.3.1.png, id=956, 566.61688pt x 469.755pt>
File: C:/Users/37/Desktop/Notes on Common Calculus Equations/Notes and pictures/cwf11.3.1.png Graphic file (type png)
<use C:/Users/37/Desktop/Notes on Common Calculus Equations/Notes and pictures/cwf11.3.1.png>
Package pdftex.def Info: C:/Users/37/Desktop/Notes on Common Calculus Equations/Notes and pictures/cwf11.3.1.png  used on input line 751.
(pdftex.def)             Requested size: 172.5pt x 143.00627pt.


[88]
<C:/Users/37/Desktop/Notes on Common Calculus Equations/Notes and pictures/cwf11.3.2.png, id=961, 666.99188pt x 500.36937pt>
File: C:/Users/37/Desktop/Notes on Common Calculus Equations/Notes and pictures/cwf11.3.2.png Graphic file (type png)
<use C:/Users/37/Desktop/Notes on Common Calculus Equations/Notes and pictures/cwf11.3.2.png>
Package pdftex.def Info: C:/Users/37/Desktop/Notes on Common Calculus Equations/Notes and pictures/cwf11.3.2.png  used on input line 791.
(pdftex.def)             Requested size: 172.5pt x 129.4058pt.


[89 <c:/Users/37/Desktop/Notes on Common Calculus Equations/Notes and pictures/cwf11.3.1.png> <c:/Users/37/Desktop/Notes on Common Calculus Equations/Notes and pictures/cwf11.3.2.png>]
<C:/Users/37/Desktop/Notes on Common Calculus Equations/Notes and pictures/cwf11.3.3.png, id=970, 606.76688pt x 443.15562pt>
File: C:/Users/37/Desktop/Notes on Common Calculus Equations/Notes and pictures/cwf11.3.3.png Graphic file (type png)
<use C:/Users/37/Desktop/Notes on Common Calculus Equations/Notes and pictures/cwf11.3.3.png>
Package pdftex.def Info: C:/Users/37/Desktop/Notes on Common Calculus Equations/Notes and pictures/cwf11.3.3.png  used on input line 843.
(pdftex.def)             Requested size: 172.5pt x 125.98283pt.
) (./12.tex

[90 <c:/Users/37/Desktop/Notes on Common Calculus Equations/Notes and pictures/cwf11.3.3.png>]

[91]

[92]

[93]

[94]

[95]

[96]
Underfull \hbox (badness 10000) in paragraph at lines 347--357

 []



[97]

[98]
<C:/Users/37/Desktop/Notes on Common Calculus Equations/Notes and pictures/cwf12.4.1.png, id=1024, 895.84688pt x 530.48187pt>
File: C:/Users/37/Desktop/Notes on Common Calculus Equations/Notes and pictures/cwf12.4.1.png Graphic file (type png)
<use C:/Users/37/Desktop/Notes on Common Calculus Equations/Notes and pictures/cwf12.4.1.png>
Package pdftex.def Info: C:/Users/37/Desktop/Notes on Common Calculus Equations/Notes and pictures/cwf12.4.1.png  used on input line 429.
(pdftex.def)             Requested size: 172.5pt x 102.14438pt.


[99 <c:/Users/37/Desktop/Notes on Common Calculus Equations/Notes and pictures/cwf12.4.1.png>]
<C:/Users/37/Desktop/Notes on Common Calculus Equations/Notes and pictures/cwf12.4.2.png, id=1031, 367.87437pt x 248.93pt>
File: C:/Users/37/Desktop/Notes on Common Calculus Equations/Notes and pictures/cwf12.4.2.png Graphic file (type png)
<use C:/Users/37/Desktop/Notes on Common Calculus Equations/Notes and pictures/cwf12.4.2.png>
Package pdftex.def Info: C:/Users/37/Desktop/Notes on Common Calculus Equations/Notes and pictures/cwf12.4.2.png  used on input line 487.
(pdftex.def)             Requested size: 172.5pt x 116.72742pt.


[100 <c:/Users/37/Desktop/Notes on Common Calculus Equations/Notes and pictures/cwf12.4.2.png>]
<C:/Users/37/Desktop/Notes on Common Calculus Equations/Notes and pictures/cwf12.4.3.png, id=1038, 379.91937pt x 248.93pt>
File: C:/Users/37/Desktop/Notes on Common Calculus Equations/Notes and pictures/cwf12.4.3.png Graphic file (type png)
<use C:/Users/37/Desktop/Notes on Common Calculus Equations/Notes and pictures/cwf12.4.3.png>
Package pdftex.def Info: C:/Users/37/Desktop/Notes on Common Calculus Equations/Notes and pictures/cwf12.4.3.png  used on input line 527.
(pdftex.def)             Requested size: 172.5pt x 113.02782pt.


[101 <c:/Users/37/Desktop/Notes on Common Calculus Equations/Notes and pictures/cwf12.4.3.png>]
<C:/Users/37/Desktop/Notes on Common Calculus Equations/Notes and pictures/cwf12.4.4.png, id=1045, 898.85812pt x 303.1325pt>
File: C:/Users/37/Desktop/Notes on Common Calculus Equations/Notes and pictures/cwf12.4.4.png Graphic file (type png)
<use C:/Users/37/Desktop/Notes on Common Calculus Equations/Notes and pictures/cwf12.4.4.png>
Package pdftex.def Info: C:/Users/37/Desktop/Notes on Common Calculus Equations/Notes and pictures/cwf12.4.4.png  used on input line 536.
(pdftex.def)             Requested size: 345.0pt x 116.3479pt.
<C:/Users/37/Desktop/Notes on Common Calculus Equations/Notes and pictures/cwf12.4.5.png, id=1046, 639.38875pt x 329.23pt>
File: C:/Users/37/Desktop/Notes on Common Calculus Equations/Notes and pictures/cwf12.4.5.png Graphic file (type png)
<use C:/Users/37/Desktop/Notes on Common Calculus Equations/Notes and pictures/cwf12.4.5.png>
Package pdftex.def Info: C:/Users/37/Desktop/Notes on Common Calculus Equations/Notes and pictures/cwf12.4.5.png  used on input line 544.
(pdftex.def)             Requested size: 345.0pt x 177.6459pt.
)

[102 <c:/Users/37/Desktop/Notes on Common Calculus Equations/Notes and pictures/cwf12.4.4.png> <c:/Users/37/Desktop/Notes on Common Calculus Equations/Notes and pictures/cwf12.4.5.png>] (./Notes on Common Calculus Equations.aux)
 ***********
LaTeX2e <2024-11-01> patch level 2
L3 programming layer <2022/07/14>
 ***********
Package logreq Info: Writing requests to '"Notes on Common Calculus Equations".run.xml'.
\openout1 = `"Notes on Common Calculus Equations.run.xml"'.

 ) 
Here is how much of TeX's memory you used:
 24779 strings out of 475118
 463150 string characters out of 5764165
 1216675 words of memory out of 5000000
 46601 multiletter control sequences out of 15000+600000
 676607 words of font info for 471 fonts, out of 8000000 for 9000
 36 hyphenation exceptions out of 8191
 85i,14n,86p,811b,803s stack positions out of 10000i,1000n,20000p,200000b,200000s
<c:/Windows/Fonts/simhei.ttf><c:/Windows/Fonts/simhei.ttf><c:/Windows/Fonts/simsun.ttc><c:/Windows/Fonts/simhei.ttf><c:/Windows/Fonts/simhei.ttf><c:/Windows/Fonts/simsun.ttc><c:/Windows/Fonts/simhei.ttf><c:/Windows/Fonts/simsun.ttc><c:/Windows/Fonts/simhei.ttf><c:/Windows/Fonts/simhei.ttf><c:/Windows/Fonts/simsun.ttc><c:/Windows/Fonts/simhei.ttf><c:/Windows/Fonts/simhei.ttf><c:/Windows/Fonts/simsun.ttc><c:/Windows/Fonts/simhei.ttf><c:/Windows/Fonts/simhei.ttf><c:/Windows/Fonts/simsun.ttc><c:/Windows/Fonts/simhei.ttf><c:/Windows/Fonts/simhei.ttf><c:/Windows/Fonts/simsun.ttc><c:/Windows/Fonts/simhei.ttf><c:/Windows/Fonts/simhei.ttf><c:/Windows/Fonts/simhei.ttf><c:/Windows/Fonts/simsun.ttc><c:/Windows/Fonts/simhei.ttf><c:/Windows/Fonts/simhei.ttf><c:/Windows/Fonts/simhei.ttf><c:/Windows/Fonts/simhei.ttf><c:/Windows/Fonts/simhei.ttf><c:/Windows/Fonts/simsun.ttc><c:/Windows/Fonts/simsun.ttc><c:/Windows/Fonts/simsun.ttc><c:/Windows/Fonts/simsun.ttc><c:/Windows/Fonts/simhei.ttf><c:/Windows/Fonts/simhei.ttf><c:/Windows/Fonts/simhei.ttf><c:/Windows/Fonts/simsun.ttc><c:/Windows/Fonts/simsun.ttc><c:/Windows/Fonts/simsun.ttc><c:/Windows/Fonts/simsun.ttc><c:/Windows/Fonts/simsun.ttc><c:/Windows/Fonts/simsun.ttc><c:/Windows/Fonts/simsun.ttc><c:/Windows/Fonts/simhei.ttf><c:/Windows/Fonts/simsun.ttc><c:/Windows/Fonts/simhei.ttf><c:/Windows/Fonts/simsun.ttc><c:/Windows/Fonts/simsun.ttc><c:/Windows/Fonts/simhei.ttf><c:/Windows/Fonts/simsun.ttc><c:/Windows/Fonts/simsun.ttc><c:/Windows/Fonts/simhei.ttf><c:/Windows/Fonts/simhei.ttf><c:/Windows/Fonts/simhei.ttf><c:/Windows/Fonts/simhei.ttf><c:/Windows/Fonts/simsun.ttc><c:/Windows/Fonts/simsun.ttc><c:/Windows/Fonts/simsun.ttc><c:/Windows/Fonts/simhei.ttf><c:/Windows/Fonts/simsun.ttc><c:/Windows/Fonts/simsun.ttc><c:/Windows/Fonts/simsun.ttc><c:/Windows/Fonts/simsun.ttc><c:/Windows/Fonts/simsun.ttc><c:/Windows/Fonts/simsun.ttc><c:/Windows/Fonts/simhei.ttf><c:/Windows/Fonts/simhei.ttf><c:/Windows/Fonts/simhei.ttf><c:/Windows/Fonts/simsun.ttc><c:/Windows/Fonts/simsun.ttc><c:/Windows/Fonts/simsun.ttc><c:/Windows/Fonts/simsun.ttc><c:/Windows/Fonts/simhei.ttf><c:/Windows/Fonts/simsun.ttc><c:/Windows/Fonts/simsun.ttc><c:/Windows/Fonts/simsun.ttc><c:/Windows/Fonts/simsun.ttc><c:/Windows/Fonts/simsun.ttc><c:/Windows/Fonts/simsun.ttc><c:/Windows/Fonts/simsun.ttc><c:/Windows/Fonts/simsun.ttc><c:/Windows/Fonts/simsun.ttc><c:/Windows/Fonts/simsun.ttc><c:/Windows/Fonts/simhei.ttf><c:/Windows/Fonts/simhei.ttf><c:/Windows/Fonts/simhei.ttf><c:/Windows/Fonts/simsun.ttc><c:/Windows/Fonts/simsun.ttc><c:/Windows/Fonts/simsun.ttc><c:/Windows/Fonts/simsun.ttc><c:/Windows/Fonts/simsun.ttc><c:/Windows/Fonts/simsun.ttc><c:/Windows/Fonts/simsun.ttc><c:/Windows/Fonts/simsun.ttc><c:/Windows/Fonts/simhei.ttf><c:/Windows/Fonts/simhei.ttf><c:/Windows/Fonts/simhei.ttf><c:/Windows/Fonts/simhei.ttf><c:/Windows/Fonts/simsun.ttc><c:/Windows/Fonts/simsun.ttc><c:/Windows/Fonts/simsun.ttc><c:/Windows/Fonts/simsun.ttc><c:/Windows/Fonts/simsun.ttc><c:/Windows/Fonts/simsun.ttc><c:/Windows/Fonts/simsun.ttc><c:/Windows/Fonts/simsun.ttc><c:/Windows/Fonts/simsun.ttc><c:/Windows/Fonts/simsun.ttc><c:/Windows/Fonts/simsun.ttc><c:/Windows/Fonts/simhei.ttf><c:/Windows/Fonts/simhei.ttf><c:/Windows/Fonts/simhei.ttf><c:/Windows/Fonts/simhei.ttf><c:/Windows/Fonts/simhei.ttf><c:/Windows/Fonts/simsun.ttc><c:/Windows/Fonts/simsun.ttc><c:/Windows/Fonts/simsun.ttc><c:/Windows/Fonts/simsun.ttc><c:/Windows/Fonts/simsun.ttc><c:/Windows/Fonts/simsun.ttc><c:/Windows/Fonts/simsun.ttc><c:/Windows/Fonts/simsun.ttc><c:/Windows/Fonts/simsun.ttc><c:/Windows/Fonts/simsun.ttc><c:/Windows/Fonts/simkai.ttf><c:/Windows/Fonts/simkai.ttf><c:/Windows/Fonts/simkai.ttf><c:/Windows/Fonts/simkai.ttf><c:/Windows/Fonts/simkai.ttf><c:/Windows/Fonts/simkai.ttf><c:/Windows/Fonts/simkai.ttf><c:/Windows/Fonts/simhei.ttf><c:/Windows/Fonts/simhei.ttf><c:/Windows/Fonts/simhei.ttf><c:/Windows/Fonts/simhei.ttf><c:/Windows/Fonts/simhei.ttf><c:/Windows/Fonts/simhei.ttf><c:/Windows/Fonts/simhei.ttf><d:/Texlive/texlive/2025/texmf-dist/fonts/type1/public/amsfonts/cm/cmbx10.pfb><d:/Texlive/texlive/2025/texmf-dist/fonts/type1/public/amsfonts/cm/cmbx12.pfb><d:/Texlive/texlive/2025/texmf-dist/fonts/type1/public/amsfonts/cm/cmex10.pfb><d:/Texlive/texlive/2025/texmf-dist/fonts/type1/public/amsfonts/cm/cmmi10.pfb><d:/Texlive/texlive/2025/texmf-dist/fonts/type1/public/amsfonts/cm/cmmi12.pfb><d:/Texlive/texlive/2025/texmf-dist/fonts/type1/public/amsfonts/cm/cmmi6.pfb><d:/Texlive/texlive/2025/texmf-dist/fonts/type1/public/amsfonts/cm/cmmi8.pfb><d:/Texlive/texlive/2025/texmf-dist/fonts/type1/public/amsfonts/cm/cmr10.pfb><d:/Texlive/texlive/2025/texmf-dist/fonts/type1/public/amsfonts/cm/cmr12.pfb><d:/Texlive/texlive/2025/texmf-dist/fonts/type1/public/amsfonts/cm/cmr17.pfb><d:/Texlive/texlive/2025/texmf-dist/fonts/type1/public/amsfonts/cm/cmr6.pfb><d:/Texlive/texlive/2025/texmf-dist/fonts/type1/public/amsfonts/cm/cmr7.pfb><d:/Texlive/texlive/2025/texmf-dist/fonts/type1/public/amsfonts/cm/cmr8.pfb><d:/Texlive/texlive/2025/texmf-dist/fonts/type1/public/amsfonts/cm/cmsy10.pfb><d:/Texlive/texlive/2025/texmf-dist/fonts/type1/public/amsfonts/cm/cmsy6.pfb><d:/Texlive/texlive/2025/texmf-dist/fonts/type1/public/amsfonts/cm/cmsy8.pfb><d:/Texlive/texlive/2025/texmf-dist/fonts/type1/public/amsfonts/cm/cmtt12.pfb><d:/Texlive/texlive/2025/texmf-dist/fonts/type1/public/amsfonts/symbols/msam10.pfb><d:/Texlive/texlive/2025/texmf-dist/fonts/type1/public/amsfonts/symbols/msbm10.pfb>
Output written on "Notes on Common Calculus Equations.pdf" (102 pages, 4168451 bytes).
PDF statistics:
 1899 PDF objects out of 2073 (max. 8388607)
 1436 compressed objects within 15 object streams
 307 named destinations out of 1000 (max. 500000)
 1273 words of extra memory for PDF output out of 10000 (max. 10000000)

